{"name":"hexo","hostname":"iZ11w2jbdm2Z","pid":8779,"level":20,"msg":"Hexo version: \u001b[35m3.1.1\u001b[39m","time":"2016-01-07T11:35:31.548Z","v":0}
{"name":"hexo","hostname":"iZ11w2jbdm2Z","pid":8779,"level":20,"msg":"Working directory: \u001b[35m~/myhexo/\u001b[39m","time":"2016-01-07T11:35:31.556Z","v":0}
{"name":"hexo","hostname":"iZ11w2jbdm2Z","pid":8779,"level":20,"msg":"Config loaded: \u001b[35m~/myhexo/_config.yml\u001b[39m","time":"2016-01-07T11:35:31.679Z","v":0}
{"name":"hexo","hostname":"iZ11w2jbdm2Z","pid":8779,"level":20,"msg":"Plugin loaded: \u001b[35mhexo-generator-archive\u001b[39m","time":"2016-01-07T11:35:31.712Z","v":0}
{"name":"hexo","hostname":"iZ11w2jbdm2Z","pid":8779,"level":20,"msg":"Plugin loaded: \u001b[35mhexo-generator-category\u001b[39m","time":"2016-01-07T11:35:31.715Z","v":0}
{"name":"hexo","hostname":"iZ11w2jbdm2Z","pid":8779,"level":20,"msg":"Plugin loaded: \u001b[35mhexo-generator-index\u001b[39m","time":"2016-01-07T11:35:31.718Z","v":0}
{"name":"hexo","hostname":"iZ11w2jbdm2Z","pid":8779,"level":20,"msg":"Plugin loaded: \u001b[35mhexo-generator-tag\u001b[39m","time":"2016-01-07T11:35:31.721Z","v":0}
{"name":"hexo","hostname":"iZ11w2jbdm2Z","pid":8779,"level":20,"msg":"Plugin loaded: \u001b[35mhexo-renderer-ejs\u001b[39m","time":"2016-01-07T11:35:31.727Z","v":0}
{"name":"hexo","hostname":"iZ11w2jbdm2Z","pid":8779,"level":20,"msg":"Plugin loaded: \u001b[35mhexo-renderer-marked\u001b[39m","time":"2016-01-07T11:35:31.827Z","v":0}
{"name":"hexo","hostname":"iZ11w2jbdm2Z","pid":8779,"level":20,"msg":"Plugin loaded: \u001b[35mhexo-renderer-stylus\u001b[39m","time":"2016-01-07T11:35:31.986Z","v":0}
{"name":"hexo","hostname":"iZ11w2jbdm2Z","pid":8779,"level":20,"msg":"Plugin loaded: \u001b[35mhexo-server\u001b[39m","time":"2016-01-07T11:35:32.120Z","v":0}
{"name":"hexo","hostname":"iZ11w2jbdm2Z","pid":8779,"level":20,"msg":"Loading database.","time":"2016-01-07T11:35:32.135Z","v":0}
{"name":"hexo","hostname":"iZ11w2jbdm2Z","pid":8779,"level":20,"msg":"Unchanged: \u001b[35msource/_posts/hello-world.md\u001b[39m","time":"2016-01-07T11:35:32.218Z","v":0}
{"name":"hexo","hostname":"iZ11w2jbdm2Z","pid":8779,"level":20,"msg":"Processed: \u001b[35m_posts/hello-world.md\u001b[39m","time":"2016-01-07T11:35:32.225Z","v":0}
{"name":"hexo","hostname":"iZ11w2jbdm2Z","pid":8779,"level":20,"msg":"Generator: \u001b[35mpage\u001b[39m","time":"2016-01-07T11:35:32.535Z","v":0}
{"name":"hexo","hostname":"iZ11w2jbdm2Z","pid":8779,"level":20,"msg":"Generator: \u001b[35mpost\u001b[39m","time":"2016-01-07T11:35:32.536Z","v":0}
{"name":"hexo","hostname":"iZ11w2jbdm2Z","pid":8779,"level":20,"msg":"Generator: \u001b[35marchive\u001b[39m","time":"2016-01-07T11:35:32.536Z","v":0}
{"name":"hexo","hostname":"iZ11w2jbdm2Z","pid":8779,"level":20,"msg":"Generator: \u001b[35mcategory\u001b[39m","time":"2016-01-07T11:35:32.537Z","v":0}
{"name":"hexo","hostname":"iZ11w2jbdm2Z","pid":8779,"level":20,"msg":"Generator: \u001b[35mindex\u001b[39m","time":"2016-01-07T11:35:32.537Z","v":0}
{"name":"hexo","hostname":"iZ11w2jbdm2Z","pid":8779,"level":20,"msg":"Generator: \u001b[35mtag\u001b[39m","time":"2016-01-07T11:35:32.538Z","v":0}
{"name":"hexo","hostname":"iZ11w2jbdm2Z","pid":8779,"level":20,"msg":"Generator: \u001b[35masset\u001b[39m","time":"2016-01-07T11:35:32.546Z","v":0}
{"name":"hexo","hostname":"iZ11w2jbdm2Z","pid":8779,"level":30,"msg":"Hexo is running at \u001b[4mhttp://0.0.0.0:4000/\u001b[24m. Press Ctrl+C to stop.","time":"2016-01-07T11:35:32.555Z","v":0}
{"name":"hexo","hostname":"iZ11w2jbdm2Z","pid":8779,"level":20,"msg":"Database saved","time":"2016-01-07T11:35:32.569Z","v":0}
{"name":"hexo","hostname":"iZ11w2jbdm2Z","pid":8779,"level":40,"msg":"No layout: \u001b[35mindex.html\u001b[39m","time":"2016-01-07T11:35:39.986Z","v":0}
{"name":"hexo","hostname":"iZ11w2jbdm2Z","pid":8779,"level":30,"msg":"See you again","time":"2016-01-07T11:36:00.679Z","v":0}
{"name":"hexo","hostname":"iZ11w2jbdm2Z","pid":8779,"level":20,"msg":"Database saved","time":"2016-01-07T11:36:00.687Z","v":0}
